This file contains any messages produced by compilers while
running configure, to aid debugging if configure makes a mistake.

It was created by HMMER configure 2.3, which was
generated by GNU Autoconf 2.57.  Invocation command line was

  $ ./configure 

## --------- ##
## Platform. ##
## --------- ##

hostname = ubuntu
uname -m = x86_64
uname -r = 4.4.0-130-generic
uname -s = Linux
uname -v = #156-Ubuntu SMP Thu Jun 14 08:53:28 UTC 2018

/usr/bin/uname -p = unknown
/bin/uname -X     = unknown

/bin/arch              = unknown
/usr/bin/arch -k       = unknown
/usr/convex/getsysinfo = unknown
hostinfo               = unknown
/bin/machine           = unknown
/usr/bin/oslevel       = unknown
/bin/universe          = unknown

PATH: /usr/local/sbin
PATH: /usr/local/bin
PATH: /usr/sbin
PATH: /usr/bin
PATH: /sbin
PATH: /bin
PATH: /usr/games
PATH: /usr/local/games
PATH: /snap/bin
PATH: /usr/lib/jvm/java-8-oracle/bin
PATH: /usr/lib/jvm/java-8-oracle/db/bin
PATH: /usr/lib/jvm/java-8-oracle/jre/bin
PATH: /home/landq/Desktop/LLVM/build/bin


## ----------- ##
## Core tests. ##
## ----------- ##

configure:1243: configuring HMMER for your system.
configure:1285: This is a full source distribution - using full config
configure:1338: checking for gcc
configure:1354: found /usr/bin/gcc
configure:1364: result: gcc
configure:1608: checking for C compiler version
configure:1611: gcc --version </dev/null >&5
gcc (Ubuntu 5.4.0-6ubuntu1~16.04.10) 5.4.0 20160609
Copyright (C) 2015 Free Software Foundation, Inc.
This is free software; see the source for copying conditions.  There is NO
warranty; not even for MERCHANTABILITY or FITNESS FOR A PARTICULAR PURPOSE.

configure:1614: $? = 0
configure:1616: gcc -v </dev/null >&5
Using built-in specs.
COLLECT_GCC=gcc
COLLECT_LTO_WRAPPER=/usr/lib/gcc/x86_64-linux-gnu/5/lto-wrapper
Target: x86_64-linux-gnu
Configured with: ../src/configure -v --with-pkgversion='Ubuntu 5.4.0-6ubuntu1~16.04.10' --with-bugurl=file:///usr/share/doc/gcc-5/README.Bugs --enable-languages=c,ada,c++,java,go,d,fortran,objc,obj-c++ --prefix=/usr --program-suffix=-5 --enable-shared --enable-linker-build-id --libexecdir=/usr/lib --without-included-gettext --enable-threads=posix --libdir=/usr/lib --enable-nls --with-sysroot=/ --enable-clocale=gnu --enable-libstdcxx-debug --enable-libstdcxx-time=yes --with-default-libstdcxx-abi=new --enable-gnu-unique-object --disable-vtable-verify --enable-libmpx --enable-plugin --with-system-zlib --disable-browser-plugin --enable-java-awt=gtk --enable-gtk-cairo --with-java-home=/usr/lib/jvm/java-1.5.0-gcj-5-amd64/jre --enable-java-home --with-jvm-root-dir=/usr/lib/jvm/java-1.5.0-gcj-5-amd64 --with-jvm-jar-dir=/usr/lib/jvm-exports/java-1.5.0-gcj-5-amd64 --with-arch-directory=amd64 --with-ecj-jar=/usr/share/java/eclipse-ecj.jar --enable-objc-gc --enable-multiarch --disable-werror --with-arch-32=i686 --with-abi=m64 --with-multilib-list=m32,m64,mx32 --enable-multilib --with-tune=generic --enable-checking=release --build=x86_64-linux-gnu --host=x86_64-linux-gnu --target=x86_64-linux-gnu
Thread model: posix
gcc version 5.4.0 20160609 (Ubuntu 5.4.0-6ubuntu1~16.04.10) 
configure:1619: $? = 0
configure:1621: gcc -V </dev/null >&5
gcc: error: unrecognized command line option '-V'
gcc: fatal error: no input files
compilation terminated.
configure:1624: $? = 1
configure:1648: checking for C compiler default output
configure:1651: gcc    conftest.c  >&5
configure:1654: $? = 0
configure:1700: result: a.out
configure:1705: checking whether the C compiler works
configure:1711: ./a.out
configure:1714: $? = 0
configure:1731: result: yes
configure:1738: checking whether we are cross compiling
configure:1740: result: no
configure:1743: checking for suffix of executables
configure:1745: gcc -o conftest    conftest.c  >&5
configure:1748: $? = 0
configure:1773: result: 
configure:1779: checking for suffix of object files
configure:1801: gcc -c   conftest.c >&5
configure:1804: $? = 0
configure:1826: result: o
configure:1830: checking whether we are using the GNU C compiler
configure:1855: gcc -c   conftest.c >&5
configure:1858: $? = 0
configure:1861: test -s conftest.o
configure:1864: $? = 0
configure:1877: result: yes
configure:1883: checking whether gcc accepts -g
configure:1905: gcc -c -g  conftest.c >&5
configure:1908: $? = 0
configure:1911: test -s conftest.o
configure:1914: $? = 0
configure:1925: result: yes
configure:1942: checking for gcc option to accept ANSI C
configure:2003: gcc  -c -g -O2  conftest.c >&5
configure:2006: $? = 0
configure:2009: test -s conftest.o
configure:2012: $? = 0
configure:2030: result: none needed
configure:2048: gcc -c -g -O2  conftest.c >&5
conftest.c:2:3: error: unknown type name 'choke'
   choke me
   ^
conftest.c:2:3: error: expected '=', ',', ';', 'asm' or '__attribute__' at end of input
configure:2051: $? = 1
configure: failed program was:
| #ifndef __cplusplus
|   choke me
| #endif
configure:2201: checking for ranlib
configure:2217: found /usr/bin/ranlib
configure:2228: result: ranlib
configure:2242: checking for ar
configure:2261: found /usr/bin/ar
configure:2274: result: /usr/bin/ar
configure:2326: checking build system type
configure:2344: result: x86_64-unknown-linux-gnu
configure:2352: checking host system type
configure:2366: result: x86_64-unknown-linux-gnu
configure:2397: checking whether your make is GNU make
configure:2405: result: yes, it is.
configure:3265: checking for ntohs
configure:3315: gcc -o conftest -g -O2   conftest.c  >&5
configure:3318: $? = 0
configure:3321: test -s conftest
configure:3324: $? = 0
configure:3335: result: yes
configure:3414: checking for ntohl
configure:3464: gcc -o conftest -g -O2   conftest.c  >&5
configure:3467: $? = 0
configure:3470: test -s conftest
configure:3473: $? = 0
configure:3484: result: yes
configure:3563: checking for htons
configure:3613: gcc -o conftest -g -O2   conftest.c  >&5
configure:3616: $? = 0
configure:3619: test -s conftest
configure:3622: $? = 0
configure:3633: result: yes
configure:3712: checking for htonl
configure:3762: gcc -o conftest -g -O2   conftest.c  >&5
configure:3765: $? = 0
configure:3768: test -s conftest
configure:3771: $? = 0
configure:3782: result: yes
configure:3981: creating ./config.status

## ---------------------- ##
## Running config.status. ##
## ---------------------- ##

This file was extended by HMMER config.status 2.3, which was
generated by GNU Autoconf 2.57.  Invocation command line was

  CONFIG_FILES    = 
  CONFIG_HEADERS  = 
  CONFIG_LINKS    = 
  CONFIG_COMMANDS = 
  $ ./config.status 

on ubuntu

config.status:632: creating src/Makefile
config.status:632: creating testsuite/Makefile
config.status:632: creating Makefile
config.status:735: creating src/config.h
config.status:830: src/config.h is unchanged
configure:5029: configuring in squid
configure:5113: running /bin/bash './configure' --prefix=/usr/local  --cache-file=/dev/null --srcdir=.

## ---------------- ##
## Cache variables. ##
## ---------------- ##

ac_cv_build=x86_64-unknown-linux-gnu
ac_cv_build_alias=x86_64-unknown-linux-gnu
ac_cv_c_compiler_gnu=yes
ac_cv_env_CC_set=
ac_cv_env_CC_value=
ac_cv_env_CFLAGS_set=
ac_cv_env_CFLAGS_value=
ac_cv_env_CPPFLAGS_set=
ac_cv_env_CPPFLAGS_value=
ac_cv_env_LDFLAGS_set=
ac_cv_env_LDFLAGS_value=
ac_cv_env_build_alias_set=
ac_cv_env_build_alias_value=
ac_cv_env_host_alias_set=
ac_cv_env_host_alias_value=
ac_cv_env_target_alias_set=
ac_cv_env_target_alias_value=
ac_cv_exeext=
ac_cv_func_htonl=yes
ac_cv_func_htons=yes
ac_cv_func_ntohl=yes
ac_cv_func_ntohs=yes
ac_cv_host=x86_64-unknown-linux-gnu
ac_cv_host_alias=x86_64-unknown-linux-gnu
ac_cv_objext=o
ac_cv_path_AR=/usr/bin/ar
ac_cv_prog_ac_ct_CC=gcc
ac_cv_prog_ac_ct_RANLIB=ranlib
ac_cv_prog_cc_g=yes
ac_cv_prog_cc_stdc=

## ----------------- ##
## Output variables. ##
## ----------------- ##

AR='/usr/bin/ar'
CC='gcc'
CFLAGS='-g -O2'
CPPFLAGS=''
DEFS='-DHAVE_CONFIG_H'
ECHO_C=''
ECHO_N='-n'
ECHO_T=''
EXEC_DEPENDENCY='%: %.o'
EXEEXT=''
LDFLAGS=''
LIBOBJS=''
LIBS=''
LTLIBOBJS=''
OBJEXT='o'
PACKAGE_BUGREPORT='eddy@genetics.wustl.edu'
PACKAGE_COPYRIGHT='Copyright (C) 1992-2003 HHMI/Washington University School of Medicine'
PACKAGE_DATE='May 2003'
PACKAGE_LICENSE='Freely distributed under the GNU General Public License (GPL)'
PACKAGE_LICENSETAG='gnu'
PACKAGE_NAME='HMMER'
PACKAGE_RELCODE='hmmer2_3'
PACKAGE_STRING='HMMER 2.3'
PACKAGE_TARNAME='hmmer'
PACKAGE_VERSION='2.3'
PATH_SEPARATOR=':'
PTHREAD_CC=''
PTHREAD_CFLAGS=''
PTHREAD_LIBS=''
PVMINCDIR=''
PVMLIBDIR=''
PVMLIBS=''
PVMPROGS=''
RANLIB='ranlib'
SHELL='/bin/bash'
ac_ct_CC='gcc'
ac_ct_RANLIB='ranlib'
bindir='${exec_prefix}/bin'
build='x86_64-unknown-linux-gnu'
build_alias=''
build_cpu='x86_64'
build_os='linux-gnu'
build_vendor='unknown'
datadir='${prefix}/share'
exec_prefix='${prefix}'
host='x86_64-unknown-linux-gnu'
host_alias=''
host_cpu='x86_64'
host_os='linux-gnu'
host_vendor='unknown'
includedir='${prefix}/include'
infodir='${prefix}/info'
libdir='${exec_prefix}/lib'
libexecdir='${exec_prefix}/libexec'
localstatedir='${prefix}/var'
mandir='${prefix}/man'
oldincludedir='/usr/include'
prefix='/usr/local'
program_transform_name='s,x,x,'
sbindir='${exec_prefix}/sbin'
sharedstatedir='${prefix}/com'
subdirs=' squid'
sysconfdir='${prefix}/etc'
target_alias=''

## ----------- ##
## confdefs.h. ##
## ----------- ##

#define HAVE_HTONL 1
#define HAVE_HTONS 1
#define HAVE_NTOHL 1
#define HAVE_NTOHS 1
#define PACKAGE_BUGREPORT "eddy@genetics.wustl.edu"
#define PACKAGE_COPYRIGHT "Copyright (C) 1992-2003 HHMI/Washington University School of Medicine"
#define PACKAGE_DATE "May 2003"
#define PACKAGE_LICENSE "Freely distributed under the GNU General Public License (GPL)"
#define PACKAGE_NAME "HMMER"
#define PACKAGE_STRING "HMMER 2.3"
#define PACKAGE_TARNAME "hmmer"
#define PACKAGE_VERSION "2.3"

configure: exit 0
