This file contains any messages produced by compilers while
running configure, to aid debugging if configure makes a mistake.

It was created by SQUID configure 1.9g, which was
generated by GNU Autoconf 2.57.  Invocation command line was

  $ ./configure --prefix=/usr/local --cache-file=/dev/null --srcdir=.

## --------- ##
## Platform. ##
## --------- ##

hostname = ubuntu
uname -m = x86_64
uname -r = 4.4.0-130-generic
uname -s = Linux
uname -v = #156-Ubuntu SMP Thu Jun 14 08:53:28 UTC 2018

/usr/bin/uname -p = unknown
/bin/uname -X     = unknown

/bin/arch              = unknown
/usr/bin/arch -k       = unknown
/usr/convex/getsysinfo = unknown
hostinfo               = unknown
/bin/machine           = unknown
/usr/bin/oslevel       = unknown
/bin/universe          = unknown

PATH: /usr/local/sbin
PATH: /usr/local/bin
PATH: /usr/sbin
PATH: /usr/bin
PATH: /sbin
PATH: /bin
PATH: /usr/games
PATH: /usr/local/games
PATH: /snap/bin
PATH: /usr/lib/jvm/java-8-oracle/bin
PATH: /usr/lib/jvm/java-8-oracle/db/bin
PATH: /usr/lib/jvm/java-8-oracle/jre/bin
PATH: /home/landq/Desktop/LLVM/build/bin


## ----------- ##
## Core tests. ##
## ----------- ##

configure:1277: configuring the SQUID library for your system.
configure:1362: checking for gcc
configure:1378: found /usr/bin/gcc
configure:1388: result: gcc
configure:1632: checking for C compiler version
configure:1635: gcc --version </dev/null >&5
gcc (Ubuntu 5.4.0-6ubuntu1~16.04.10) 5.4.0 20160609
Copyright (C) 2015 Free Software Foundation, Inc.
This is free software; see the source for copying conditions.  There is NO
warranty; not even for MERCHANTABILITY or FITNESS FOR A PARTICULAR PURPOSE.

configure:1638: $? = 0
configure:1640: gcc -v </dev/null >&5
Using built-in specs.
COLLECT_GCC=gcc
COLLECT_LTO_WRAPPER=/usr/lib/gcc/x86_64-linux-gnu/5/lto-wrapper
Target: x86_64-linux-gnu
Configured with: ../src/configure -v --with-pkgversion='Ubuntu 5.4.0-6ubuntu1~16.04.10' --with-bugurl=file:///usr/share/doc/gcc-5/README.Bugs --enable-languages=c,ada,c++,java,go,d,fortran,objc,obj-c++ --prefix=/usr --program-suffix=-5 --enable-shared --enable-linker-build-id --libexecdir=/usr/lib --without-included-gettext --enable-threads=posix --libdir=/usr/lib --enable-nls --with-sysroot=/ --enable-clocale=gnu --enable-libstdcxx-debug --enable-libstdcxx-time=yes --with-default-libstdcxx-abi=new --enable-gnu-unique-object --disable-vtable-verify --enable-libmpx --enable-plugin --with-system-zlib --disable-browser-plugin --enable-java-awt=gtk --enable-gtk-cairo --with-java-home=/usr/lib/jvm/java-1.5.0-gcj-5-amd64/jre --enable-java-home --with-jvm-root-dir=/usr/lib/jvm/java-1.5.0-gcj-5-amd64 --with-jvm-jar-dir=/usr/lib/jvm-exports/java-1.5.0-gcj-5-amd64 --with-arch-directory=amd64 --with-ecj-jar=/usr/share/java/eclipse-ecj.jar --enable-objc-gc --enable-multiarch --disable-werror --with-arch-32=i686 --with-abi=m64 --with-multilib-list=m32,m64,mx32 --enable-multilib --with-tune=generic --enable-checking=release --build=x86_64-linux-gnu --host=x86_64-linux-gnu --target=x86_64-linux-gnu
Thread model: posix
gcc version 5.4.0 20160609 (Ubuntu 5.4.0-6ubuntu1~16.04.10) 
configure:1643: $? = 0
configure:1645: gcc -V </dev/null >&5
gcc: error: unrecognized command line option '-V'
gcc: fatal error: no input files
compilation terminated.
configure:1648: $? = 1
configure:1672: checking for C compiler default output
configure:1675: gcc    conftest.c  >&5
configure:1678: $? = 0
configure:1724: result: a.out
configure:1729: checking whether the C compiler works
configure:1735: ./a.out
configure:1738: $? = 0
configure:1755: result: yes
configure:1762: checking whether we are cross compiling
configure:1764: result: no
configure:1767: checking for suffix of executables
configure:1769: gcc -o conftest    conftest.c  >&5
configure:1772: $? = 0
configure:1797: result: 
configure:1803: checking for suffix of object files
configure:1825: gcc -c   conftest.c >&5
configure:1828: $? = 0
configure:1850: result: o
configure:1854: checking whether we are using the GNU C compiler
configure:1879: gcc -c   conftest.c >&5
configure:1882: $? = 0
configure:1885: test -s conftest.o
configure:1888: $? = 0
configure:1901: result: yes
configure:1907: checking whether gcc accepts -g
configure:1929: gcc -c -g  conftest.c >&5
configure:1932: $? = 0
configure:1935: test -s conftest.o
configure:1938: $? = 0
configure:1949: result: yes
configure:1966: checking for gcc option to accept ANSI C
configure:2027: gcc  -c -g -O2  conftest.c >&5
configure:2030: $? = 0
configure:2033: test -s conftest.o
configure:2036: $? = 0
configure:2054: result: none needed
configure:2072: gcc -c -g -O2  conftest.c >&5
conftest.c:2:3: error: unknown type name 'choke'
   choke me
   ^
conftest.c:2:3: error: expected '=', ',', ';', 'asm' or '__attribute__' at end of input
configure:2075: $? = 1
configure: failed program was:
| #ifndef __cplusplus
|   choke me
| #endif
configure:2225: checking for ranlib
configure:2241: found /usr/bin/ranlib
configure:2252: result: ranlib
configure:2266: checking for ar
configure:2285: found /usr/bin/ar
configure:2298: result: /usr/bin/ar
configure:2326: checking whether your make is GNU make
configure:2334: result: yes, it is.
configure:2492: checking whether byte ordering is bigendian
configure:2520: gcc -c -g -O2  conftest.c >&5
configure:2523: $? = 0
configure:2526: test -s conftest.o
configure:2529: $? = 0
configure:2554: gcc -c -g -O2  conftest.c >&5
configure: In function 'main':
configure:2551:2: error: unknown type name 'not'
configure:2551:10: error: expected '=', ',', ';', 'asm' or '__attribute__' before 'endian'
configure:2557: $? = 1
configure: failed program was:
| #line 2532 "configure"
| /* confdefs.h.  */
| 
| #define PACKAGE_NAME "SQUID"
| #define PACKAGE_TARNAME "squid"
| #define PACKAGE_VERSION "1.9g"
| #define PACKAGE_STRING "SQUID 1.9g"
| #define PACKAGE_BUGREPORT "eddy@genetics.wustl.edu"
| #define SQUID_DATE "January 2003"
| #define SQUID_COPYRIGHT "Copyright (C) 1992-2003 HHMI/Washington University School of Medicine"
| #define SQUID_LICENSE "Freely distributed under the GNU General Public License (GPL)"
| #define SQUID_VERSION "1.9g"
| /* end confdefs.h.  */
| #include <sys/types.h>
| #include <sys/param.h>
| 
| int
| main ()
| {
| #if BYTE_ORDER != BIG_ENDIAN
|  not big endian
| #endif
| 
|   ;
|   return 0;
| }
configure:2677: result: no
configure:2700: checking for ntohs
configure:2750: gcc -o conftest -g -O2   conftest.c  >&5
configure:2753: $? = 0
configure:2756: test -s conftest
configure:2759: $? = 0
configure:2770: result: yes
configure:2849: checking for ntohl
configure:2899: gcc -o conftest -g -O2   conftest.c  >&5
configure:2902: $? = 0
configure:2905: test -s conftest
configure:2908: $? = 0
configure:2919: result: yes
configure:2998: checking for htons
configure:3048: gcc -o conftest -g -O2   conftest.c  >&5
configure:3051: $? = 0
configure:3054: test -s conftest
configure:3057: $? = 0
configure:3068: result: yes
configure:3147: checking for htonl
configure:3197: gcc -o conftest -g -O2   conftest.c  >&5
configure:3200: $? = 0
configure:3203: test -s conftest
configure:3206: $? = 0
configure:3217: result: yes
configure:3298: checking how to run the C preprocessor
configure:3334: gcc -E  conftest.c
configure:3340: $? = 0
configure:3372: gcc -E  conftest.c
configure:3379:28: fatal error: ac_nonexistent.h: No such file or directory
   (exit $ac_status); } >/dev/null; then
                            ^
compilation terminated.
configure:3378: $? = 1
configure: failed program was:
| #line 3363 "configure"
| /* confdefs.h.  */
| 
| #define PACKAGE_NAME "SQUID"
| #define PACKAGE_TARNAME "squid"
| #define PACKAGE_VERSION "1.9g"
| #define PACKAGE_STRING "SQUID 1.9g"
| #define PACKAGE_BUGREPORT "eddy@genetics.wustl.edu"
| #define SQUID_DATE "January 2003"
| #define SQUID_COPYRIGHT "Copyright (C) 1992-2003 HHMI/Washington University School of Medicine"
| #define SQUID_LICENSE "Freely distributed under the GNU General Public License (GPL)"
| #define SQUID_VERSION "1.9g"
| #define HAVE_NTOHS 1
| #define HAVE_NTOHL 1
| #define HAVE_HTONS 1
| #define HAVE_HTONL 1
| /* end confdefs.h.  */
| #include <ac_nonexistent.h>
configure:3416: result: gcc -E
configure:3441: gcc -E  conftest.c
configure:3447: $? = 0
configure:3479: gcc -E  conftest.c
configure:3486:28: fatal error: ac_nonexistent.h: No such file or directory
   (exit $ac_status); } >/dev/null; then
                            ^
compilation terminated.
configure:3485: $? = 1
configure: failed program was:
| #line 3470 "configure"
| /* confdefs.h.  */
| 
| #define PACKAGE_NAME "SQUID"
| #define PACKAGE_TARNAME "squid"
| #define PACKAGE_VERSION "1.9g"
| #define PACKAGE_STRING "SQUID 1.9g"
| #define PACKAGE_BUGREPORT "eddy@genetics.wustl.edu"
| #define SQUID_DATE "January 2003"
| #define SQUID_COPYRIGHT "Copyright (C) 1992-2003 HHMI/Washington University School of Medicine"
| #define SQUID_LICENSE "Freely distributed under the GNU General Public License (GPL)"
| #define SQUID_VERSION "1.9g"
| #define HAVE_NTOHS 1
| #define HAVE_NTOHL 1
| #define HAVE_HTONS 1
| #define HAVE_HTONL 1
| /* end confdefs.h.  */
| #include <ac_nonexistent.h>
configure:3528: checking for egrep
configure:3538: result: grep -E
configure:3543: checking for ANSI C header files
configure:3569: gcc -c -g -O2  conftest.c >&5
configure:3572: $? = 0
configure:3575: test -s conftest.o
configure:3578: $? = 0
configure:3670: gcc -o conftest -g -O2   conftest.c  >&5
configure: In function 'main':
configure:3671:7: warning: implicit declaration of function 'exit' [-Wimplicit-function-declaration]
   (eval $ac_link) 2>&5
       ^
configure:3671:7: warning: incompatible implicit declaration of built-in function 'exit'
configure:3671:7: note: include '<stdlib.h>' or provide a declaration of 'exit'
configure:3672:3: warning: incompatible implicit declaration of built-in function 'exit'
   ac_status=$?
   ^
configure:3672:3: note: include '<stdlib.h>' or provide a declaration of 'exit'
configure:3673: $? = 0
configure:3675: ./conftest
configure:3678: $? = 0
configure:3693: result: yes
configure:3717: checking for sys/types.h
configure:3734: gcc -c -g -O2  conftest.c >&5
configure:3737: $? = 0
configure:3740: test -s conftest.o
configure:3743: $? = 0
configure:3754: result: yes
configure:3717: checking for sys/stat.h
configure:3734: gcc -c -g -O2  conftest.c >&5
configure:3737: $? = 0
configure:3740: test -s conftest.o
configure:3743: $? = 0
configure:3754: result: yes
configure:3717: checking for stdlib.h
configure:3734: gcc -c -g -O2  conftest.c >&5
configure:3737: $? = 0
configure:3740: test -s conftest.o
configure:3743: $? = 0
configure:3754: result: yes
configure:3717: checking for string.h
configure:3734: gcc -c -g -O2  conftest.c >&5
configure:3737: $? = 0
configure:3740: test -s conftest.o
configure:3743: $? = 0
configure:3754: result: yes
configure:3717: checking for memory.h
configure:3734: gcc -c -g -O2  conftest.c >&5
configure:3737: $? = 0
configure:3740: test -s conftest.o
configure:3743: $? = 0
configure:3754: result: yes
configure:3717: checking for strings.h
configure:3734: gcc -c -g -O2  conftest.c >&5
configure:3737: $? = 0
configure:3740: test -s conftest.o
configure:3743: $? = 0
configure:3754: result: yes
configure:3717: checking for inttypes.h
configure:3734: gcc -c -g -O2  conftest.c >&5
configure:3737: $? = 0
configure:3740: test -s conftest.o
configure:3743: $? = 0
configure:3754: result: yes
configure:3717: checking for stdint.h
configure:3734: gcc -c -g -O2  conftest.c >&5
configure:3737: $? = 0
configure:3740: test -s conftest.o
configure:3743: $? = 0
configure:3754: result: yes
configure:3717: checking for unistd.h
configure:3734: gcc -c -g -O2  conftest.c >&5
configure:3737: $? = 0
configure:3740: test -s conftest.o
configure:3743: $? = 0
configure:3754: result: yes
configure:3766: checking for unsigned short
configure:3791: gcc -c -g -O2  conftest.c >&5
configure:3794: $? = 0
configure:3797: test -s conftest.o
configure:3800: $? = 0
configure:3811: result: yes
configure:3814: checking size of unsigned short
configure:4089: gcc -o conftest -g -O2   conftest.c  >&5
configure:4092: $? = 0
configure:4094: ./conftest
configure:4097: $? = 0
configure:4120: result: 2
configure:4127: checking for unsigned int
configure:4152: gcc -c -g -O2  conftest.c >&5
configure:4155: $? = 0
configure:4158: test -s conftest.o
configure:4161: $? = 0
configure:4172: result: yes
configure:4175: checking size of unsigned int
configure:4450: gcc -o conftest -g -O2   conftest.c  >&5
configure:4453: $? = 0
configure:4455: ./conftest
configure:4458: $? = 0
configure:4481: result: 4
configure:4488: checking for unsigned long
configure:4513: gcc -c -g -O2  conftest.c >&5
configure:4516: $? = 0
configure:4519: test -s conftest.o
configure:4522: $? = 0
configure:4533: result: yes
configure:4536: checking size of unsigned long
configure:4811: gcc -o conftest -g -O2   conftest.c  >&5
configure:4814: $? = 0
configure:4816: ./conftest
configure:4819: $? = 0
configure:4842: result: 8
configure:4849: checking for unsigned long long
configure:4874: gcc -c -g -O2  conftest.c >&5
configure:4877: $? = 0
configure:4880: test -s conftest.o
configure:4883: $? = 0
configure:4894: result: yes
configure:4897: checking size of unsigned long long
configure:5172: gcc -o conftest -g -O2   conftest.c  >&5
configure:5175: $? = 0
configure:5177: ./conftest
configure:5180: $? = 0
configure:5203: result: 8
configure:5215: checking for strtoul
configure:5265: gcc -o conftest -g -O2   conftest.c  >&5
configure:5268: $? = 0
configure:5271: test -s conftest
configure:5274: $? = 0
configure:5285: result: yes
configure:5215: checking for strtoull
configure:5265: gcc -o conftest -g -O2   conftest.c  >&5
configure:5268: $? = 0
configure:5271: test -s conftest
configure:5274: $? = 0
configure:5285: result: yes
configure:5340: checking whether fpos_t is an arithmetic datatype
configure:5360: gcc -c -g -O2  conftest.c >&5
configure: In function 'main':
configure:5379:40: error: invalid operands to binary == (have 'fpos_t {aka struct <anonymous>}' and 'fpos_t {aka struct <anonymous>}')
configure:5379:50: error: incompatible types when assigning to type 'fpos_t {aka struct <anonymous>}' from type 'int'
configure:5363: $? = 1
configure: failed program was:
| #line 5343 "configure"
| /* confdefs.h.  */
| 
| #define PACKAGE_NAME "SQUID"
| #define PACKAGE_TARNAME "squid"
| #define PACKAGE_VERSION "1.9g"
| #define PACKAGE_STRING "SQUID 1.9g"
| #define PACKAGE_BUGREPORT "eddy@genetics.wustl.edu"
| #define SQUID_DATE "January 2003"
| #define SQUID_COPYRIGHT "Copyright (C) 1992-2003 HHMI/Washington University School of Medicine"
| #define SQUID_LICENSE "Freely distributed under the GNU General Public License (GPL)"
| #define SQUID_VERSION "1.9g"
| #define HAVE_NTOHS 1
| #define HAVE_NTOHL 1
| #define HAVE_HTONS 1
| #define HAVE_HTONL 1
| #define STDC_HEADERS 1
| #define HAVE_SYS_TYPES_H 1
| #define HAVE_SYS_STAT_H 1
| #define HAVE_STDLIB_H 1
| #define HAVE_STRING_H 1
| #define HAVE_MEMORY_H 1
| #define HAVE_STRINGS_H 1
| #define HAVE_INTTYPES_H 1
| #define HAVE_STDINT_H 1
| #define HAVE_UNISTD_H 1
| #define SIZEOF_UNSIGNED_SHORT 2
| #define SIZEOF_UNSIGNED_INT 4
| #define SIZEOF_UNSIGNED_LONG 8
| #define SIZEOF_UNSIGNED_LONG_LONG 8
| #define HAVE_STRTOUL 1
| #define HAVE_STRTOULL 1
| /* end confdefs.h.  */
| #include <stdio.h>
| int
| main ()
| {
| int main(void) { fpos_t f1, f2; if (f1 == f2) f1 = 0;}
|   ;
|   return 0;
| }
configure:5382: result: no.
configure:5395: checking for strtoull
configure:5465: result: yes
configure:5480: checking for ftello
configure:5530: gcc -o conftest -g -O2   conftest.c  >&5
configure:5533: $? = 0
configure:5536: test -s conftest
configure:5539: $? = 0
configure:5550: result: yes
configure:5480: checking for fseeko
configure:5530: gcc -o conftest -g -O2   conftest.c  >&5
configure:5533: $? = 0
configure:5536: test -s conftest
configure:5539: $? = 0
configure:5550: result: yes
configure:5565: checking for ftello64
configure:5615: gcc -o conftest -g -O2   conftest.c  >&5
configure:5618: $? = 0
configure:5621: test -s conftest
configure:5624: $? = 0
configure:5635: result: yes
configure:5565: checking for fseeko64
configure:5615: gcc -o conftest -g -O2   conftest.c  >&5
configure:5618: $? = 0
configure:5621: test -s conftest
configure:5624: $? = 0
configure:5635: result: yes
configure:5650: checking for ftell64
configure:5700: gcc -o conftest -g -O2   conftest.c  >&5
/tmp/ccannCTO.o:(.data+0x0): undefined reference to `ftell64'
/tmp/ccannCTO.o: In function `main':
/home/landq/Desktop/pointer/exp/hmmer-2.3/squid/configure:5723: undefined reference to `ftell64'
collect2: error: ld returned 1 exit status
configure:5703: $? = 1
configure: failed program was:
| #line 5655 "configure"
| /* confdefs.h.  */
| 
| #define PACKAGE_NAME "SQUID"
| #define PACKAGE_TARNAME "squid"
| #define PACKAGE_VERSION "1.9g"
| #define PACKAGE_STRING "SQUID 1.9g"
| #define PACKAGE_BUGREPORT "eddy@genetics.wustl.edu"
| #define SQUID_DATE "January 2003"
| #define SQUID_COPYRIGHT "Copyright (C) 1992-2003 HHMI/Washington University School of Medicine"
| #define SQUID_LICENSE "Freely distributed under the GNU General Public License (GPL)"
| #define SQUID_VERSION "1.9g"
| #define HAVE_NTOHS 1
| #define HAVE_NTOHL 1
| #define HAVE_HTONS 1
| #define HAVE_HTONL 1
| #define STDC_HEADERS 1
| #define HAVE_SYS_TYPES_H 1
| #define HAVE_SYS_STAT_H 1
| #define HAVE_STDLIB_H 1
| #define HAVE_STRING_H 1
| #define HAVE_MEMORY_H 1
| #define HAVE_STRINGS_H 1
| #define HAVE_INTTYPES_H 1
| #define HAVE_STDINT_H 1
| #define HAVE_UNISTD_H 1
| #define SIZEOF_UNSIGNED_SHORT 2
| #define SIZEOF_UNSIGNED_INT 4
| #define SIZEOF_UNSIGNED_LONG 8
| #define SIZEOF_UNSIGNED_LONG_LONG 8
| #define HAVE_STRTOUL 1
| #define HAVE_STRTOULL 1
| #define HAVE_STRTOULL 1
| #define HAVE_FTELLO 1
| #define HAVE_FSEEKO 1
| #define HAVE_FTELLO64 1
| #define HAVE_FSEEKO64 1
| /* end confdefs.h.  */
| /* System header to define __stub macros and hopefully few prototypes,
|     which can conflict with char ftell64 (); below.
|     Prefer <limits.h> to <assert.h> if __STDC__ is defined, since
|     <limits.h> exists even on freestanding compilers.  */
| #ifdef __STDC__
| # include <limits.h>
| #else
| # include <assert.h>
| #endif
| /* Override any gcc2 internal prototype to avoid an error.  */
| #ifdef __cplusplus
| extern "C"
| {
| #endif
| /* We use char because int might match the return type of a gcc2
|    builtin and then its argument prototype would still apply.  */
| char ftell64 ();
| /* The GNU C library defines this for functions which it implements
|     to always fail with ENOSYS.  Some functions are actually named
|     something starting with __ and the normal name is an alias.  */
| #if defined (__stub_ftell64) || defined (__stub___ftell64)
| choke me
| #else
| char (*f) () = ftell64;
| #endif
| #ifdef __cplusplus
| }
| #endif
| 
| int
| main ()
| {
| return f != ftell64;
|   ;
|   return 0;
| }
configure:5720: result: no
configure:5650: checking for fseek64
configure:5700: gcc -o conftest -g -O2   conftest.c  >&5
/tmp/ccNf1CtQ.o:(.data+0x0): undefined reference to `fseek64'
/tmp/ccNf1CtQ.o: In function `main':
/home/landq/Desktop/pointer/exp/hmmer-2.3/squid/configure:5723: undefined reference to `fseek64'
collect2: error: ld returned 1 exit status
configure:5703: $? = 1
configure: failed program was:
| #line 5655 "configure"
| /* confdefs.h.  */
| 
| #define PACKAGE_NAME "SQUID"
| #define PACKAGE_TARNAME "squid"
| #define PACKAGE_VERSION "1.9g"
| #define PACKAGE_STRING "SQUID 1.9g"
| #define PACKAGE_BUGREPORT "eddy@genetics.wustl.edu"
| #define SQUID_DATE "January 2003"
| #define SQUID_COPYRIGHT "Copyright (C) 1992-2003 HHMI/Washington University School of Medicine"
| #define SQUID_LICENSE "Freely distributed under the GNU General Public License (GPL)"
| #define SQUID_VERSION "1.9g"
| #define HAVE_NTOHS 1
| #define HAVE_NTOHL 1
| #define HAVE_HTONS 1
| #define HAVE_HTONL 1
| #define STDC_HEADERS 1
| #define HAVE_SYS_TYPES_H 1
| #define HAVE_SYS_STAT_H 1
| #define HAVE_STDLIB_H 1
| #define HAVE_STRING_H 1
| #define HAVE_MEMORY_H 1
| #define HAVE_STRINGS_H 1
| #define HAVE_INTTYPES_H 1
| #define HAVE_STDINT_H 1
| #define HAVE_UNISTD_H 1
| #define SIZEOF_UNSIGNED_SHORT 2
| #define SIZEOF_UNSIGNED_INT 4
| #define SIZEOF_UNSIGNED_LONG 8
| #define SIZEOF_UNSIGNED_LONG_LONG 8
| #define HAVE_STRTOUL 1
| #define HAVE_STRTOULL 1
| #define HAVE_STRTOULL 1
| #define HAVE_FTELLO 1
| #define HAVE_FSEEKO 1
| #define HAVE_FTELLO64 1
| #define HAVE_FSEEKO64 1
| /* end confdefs.h.  */
| /* System header to define __stub macros and hopefully few prototypes,
|     which can conflict with char fseek64 (); below.
|     Prefer <limits.h> to <assert.h> if __STDC__ is defined, since
|     <limits.h> exists even on freestanding compilers.  */
| #ifdef __STDC__
| # include <limits.h>
| #else
| # include <assert.h>
| #endif
| /* Override any gcc2 internal prototype to avoid an error.  */
| #ifdef __cplusplus
| extern "C"
| {
| #endif
| /* We use char because int might match the return type of a gcc2
|    builtin and then its argument prototype would still apply.  */
| char fseek64 ();
| /* The GNU C library defines this for functions which it implements
|     to always fail with ENOSYS.  Some functions are actually named
|     something starting with __ and the normal name is an alias.  */
| #if defined (__stub_fseek64) || defined (__stub___fseek64)
| choke me
| #else
| char (*f) () = fseek64;
| #endif
| #ifdef __cplusplus
| }
| #endif
| 
| int
| main ()
| {
| return f != fseek64;
|   ;
|   return 0;
| }
configure:5720: result: no
configure:5730: checking for stat64
configure:5780: gcc -o conftest -g -O2   conftest.c  >&5
configure:5783: $? = 0
configure:5786: test -s conftest
configure:5789: $? = 0
configure:5800: result: yes
configure:5803: checking for struct stat64
configure:5825: gcc -c -g -O2  conftest.c >&5
configure: In function 'main':
configure:5849:32: error: storage size of 's1' isn't known
configure:5828: $? = 1
configure: failed program was:
| #line 5806 "configure"
| /* confdefs.h.  */
| 
| #define PACKAGE_NAME "SQUID"
| #define PACKAGE_TARNAME "squid"
| #define PACKAGE_VERSION "1.9g"
| #define PACKAGE_STRING "SQUID 1.9g"
| #define PACKAGE_BUGREPORT "eddy@genetics.wustl.edu"
| #define SQUID_DATE "January 2003"
| #define SQUID_COPYRIGHT "Copyright (C) 1992-2003 HHMI/Washington University School of Medicine"
| #define SQUID_LICENSE "Freely distributed under the GNU General Public License (GPL)"
| #define SQUID_VERSION "1.9g"
| #define HAVE_NTOHS 1
| #define HAVE_NTOHL 1
| #define HAVE_HTONS 1
| #define HAVE_HTONL 1
| #define STDC_HEADERS 1
| #define HAVE_SYS_TYPES_H 1
| #define HAVE_SYS_STAT_H 1
| #define HAVE_STDLIB_H 1
| #define HAVE_STRING_H 1
| #define HAVE_MEMORY_H 1
| #define HAVE_STRINGS_H 1
| #define HAVE_INTTYPES_H 1
| #define HAVE_STDINT_H 1
| #define HAVE_UNISTD_H 1
| #define SIZEOF_UNSIGNED_SHORT 2
| #define SIZEOF_UNSIGNED_INT 4
| #define SIZEOF_UNSIGNED_LONG 8
| #define SIZEOF_UNSIGNED_LONG_LONG 8
| #define HAVE_STRTOUL 1
| #define HAVE_STRTOULL 1
| #define HAVE_STRTOULL 1
| #define HAVE_FTELLO 1
| #define HAVE_FSEEKO 1
| #define HAVE_FTELLO64 1
| #define HAVE_FSEEKO64 1
| /* end confdefs.h.  */
| #include <sys/types.h>
|                     #include <sys/stat.h>
|                     #include <unistd.h>
| int
| main ()
| {
| int main(void) { struct stat64 s1;}
|   ;
|   return 0;
| }
configure:5847: result: no!
configure:5852: checking for off_t
configure:5877: gcc -c -g -O2  conftest.c >&5
configure:5880: $? = 0
configure:5883: test -s conftest.o
configure:5886: $? = 0
configure:5897: result: yes
configure:5900: checking size of off_t
configure:6175: gcc -o conftest -g -O2   conftest.c  >&5
configure:6178: $? = 0
configure:6180: ./conftest
configure:6183: $? = 0
configure:6206: result: 8
configure:6213: checking for off64_t
configure:6238: gcc -c -g -O2  conftest.c >&5
configure: In function 'main':
configure:6293:6: error: 'off64_t' undeclared (first use in this function)
   (eval $ac_compile) 2>&5
      ^
configure:6293:6: note: each undeclared identifier is reported only once for each function it appears in
configure:6293:15: error: expected expression before ')' token
   (eval $ac_compile) 2>&5
               ^
configure:6241: $? = 1
configure: failed program was:
| #line 6218 "configure"
| /* confdefs.h.  */
| 
| #define PACKAGE_NAME "SQUID"
| #define PACKAGE_TARNAME "squid"
| #define PACKAGE_VERSION "1.9g"
| #define PACKAGE_STRING "SQUID 1.9g"
| #define PACKAGE_BUGREPORT "eddy@genetics.wustl.edu"
| #define SQUID_DATE "January 2003"
| #define SQUID_COPYRIGHT "Copyright (C) 1992-2003 HHMI/Washington University School of Medicine"
| #define SQUID_LICENSE "Freely distributed under the GNU General Public License (GPL)"
| #define SQUID_VERSION "1.9g"
| #define HAVE_NTOHS 1
| #define HAVE_NTOHL 1
| #define HAVE_HTONS 1
| #define HAVE_HTONL 1
| #define STDC_HEADERS 1
| #define HAVE_SYS_TYPES_H 1
| #define HAVE_SYS_STAT_H 1
| #define HAVE_STDLIB_H 1
| #define HAVE_STRING_H 1
| #define HAVE_MEMORY_H 1
| #define HAVE_STRINGS_H 1
| #define HAVE_INTTYPES_H 1
| #define HAVE_STDINT_H 1
| #define HAVE_UNISTD_H 1
| #define SIZEOF_UNSIGNED_SHORT 2
| #define SIZEOF_UNSIGNED_INT 4
| #define SIZEOF_UNSIGNED_LONG 8
| #define SIZEOF_UNSIGNED_LONG_LONG 8
| #define HAVE_STRTOUL 1
| #define HAVE_STRTOULL 1
| #define HAVE_STRTOULL 1
| #define HAVE_FTELLO 1
| #define HAVE_FSEEKO 1
| #define HAVE_FTELLO64 1
| #define HAVE_FSEEKO64 1
| #define SIZEOF_OFF_T 8
| /* end confdefs.h.  */
| #include <stdio.h>
| #if HAVE_SYS_TYPES_H
| # include <sys/types.h>
| #endif
| #if HAVE_SYS_STAT_H
| # include <sys/stat.h>
| #endif
| #if STDC_HEADERS
| # include <stdlib.h>
| # include <stddef.h>
| #else
| # if HAVE_STDLIB_H
| #  include <stdlib.h>
| # endif
| #endif
| #if HAVE_STRING_H
| # if !STDC_HEADERS && HAVE_MEMORY_H
| #  include <memory.h>
| # endif
| # include <string.h>
| #endif
| #if HAVE_STRINGS_H
| # include <strings.h>
| #endif
| #if HAVE_INTTYPES_H
| # include <inttypes.h>
| #else
| # if HAVE_STDINT_H
| #  include <stdint.h>
| # endif
| #endif
| #if HAVE_UNISTD_H
| # include <unistd.h>
| #endif
| int
| main ()
| {
| if ((off64_t *) 0)
|   return 0;
| if (sizeof (off64_t))
|   return 0;
|   ;
|   return 0;
| }
configure:6258: result: no
configure:6261: checking size of off64_t
configure:6567: result: 0
configure:6574: checking for fpos_t
configure:6599: gcc -c -g -O2  conftest.c >&5
configure:6602: $? = 0
configure:6605: test -s conftest.o
configure:6608: $? = 0
configure:6619: result: yes
configure:6622: checking size of fpos_t
configure:6897: gcc -o conftest -g -O2   conftest.c  >&5
configure:6900: $? = 0
configure:6902: ./conftest
configure:6905: $? = 0
configure:6928: result: 16
configure:7044: creating ./config.status

## ---------------------- ##
## Running config.status. ##
## ---------------------- ##

This file was extended by SQUID config.status 1.9g, which was
generated by GNU Autoconf 2.57.  Invocation command line was

  CONFIG_FILES    = 
  CONFIG_HEADERS  = 
  CONFIG_LINKS    = 
  CONFIG_COMMANDS = 
  $ ./config.status 

on ubuntu

config.status:625: creating Makefile
config.status:625: creating Testsuite/Makefile
config.status:625: creating squid.h
config.status:728: creating squidconf.h
config.status:871: squidconf.h is unchanged

## ---------------- ##
## Cache variables. ##
## ---------------- ##

ac_cv_c_bigendian=no
ac_cv_c_compiler_gnu=yes
ac_cv_env_CC_set=
ac_cv_env_CC_value=
ac_cv_env_CFLAGS_set=
ac_cv_env_CFLAGS_value=
ac_cv_env_CPPFLAGS_set=
ac_cv_env_CPPFLAGS_value=
ac_cv_env_CPP_set=
ac_cv_env_CPP_value=
ac_cv_env_LDFLAGS_set=
ac_cv_env_LDFLAGS_value=
ac_cv_env_build_alias_set=
ac_cv_env_build_alias_value=
ac_cv_env_host_alias_set=
ac_cv_env_host_alias_value=
ac_cv_env_target_alias_set=
ac_cv_env_target_alias_value=
ac_cv_exeext=
ac_cv_func_fseek64=no
ac_cv_func_fseeko=yes
ac_cv_func_fseeko64=yes
ac_cv_func_ftell64=no
ac_cv_func_ftello=yes
ac_cv_func_ftello64=yes
ac_cv_func_htonl=yes
ac_cv_func_htons=yes
ac_cv_func_ntohl=yes
ac_cv_func_ntohs=yes
ac_cv_func_stat64=yes
ac_cv_func_strtoul=yes
ac_cv_func_strtoull=yes
ac_cv_header_inttypes_h=yes
ac_cv_header_memory_h=yes
ac_cv_header_stdc=yes
ac_cv_header_stdint_h=yes
ac_cv_header_stdlib_h=yes
ac_cv_header_string_h=yes
ac_cv_header_strings_h=yes
ac_cv_header_sys_stat_h=yes
ac_cv_header_sys_types_h=yes
ac_cv_header_unistd_h=yes
ac_cv_objext=o
ac_cv_path_AR=/usr/bin/ar
ac_cv_prog_CPP='gcc -E'
ac_cv_prog_ac_ct_CC=gcc
ac_cv_prog_ac_ct_RANLIB=ranlib
ac_cv_prog_cc_g=yes
ac_cv_prog_cc_stdc=
ac_cv_prog_egrep='grep -E'
ac_cv_sizeof_fpos_t=16
ac_cv_sizeof_off64_t=0
ac_cv_sizeof_off_t=8
ac_cv_sizeof_unsigned_int=4
ac_cv_sizeof_unsigned_long=8
ac_cv_sizeof_unsigned_long_long=8
ac_cv_sizeof_unsigned_short=2
ac_cv_type_fpos_t=yes
ac_cv_type_off64_t=no
ac_cv_type_off_t=yes
ac_cv_type_unsigned_int=yes
ac_cv_type_unsigned_long=yes
ac_cv_type_unsigned_long_long=yes
ac_cv_type_unsigned_short=yes

## ----------------- ##
## Output variables. ##
## ----------------- ##

AR='/usr/bin/ar'
CC='gcc'
CFLAGS='-g -O2'
CPP='gcc -E'
CPPFLAGS=''
DEFS='-DHAVE_CONFIG_H'
ECHO_C=''
ECHO_N='-n'
ECHO_T=''
EGREP='grep -E'
EXEC_DEPENDENCY='%: %_main.o'
EXEEXT=''
LDFLAGS=''
LIBOBJS=''
LIBS=''
LTLIBOBJS=''
OBJEXT='o'
PACKAGE_BUGREPORT='eddy@genetics.wustl.edu'
PACKAGE_NAME='SQUID'
PACKAGE_STRING='SQUID 1.9g'
PACKAGE_TARNAME='squid'
PACKAGE_VERSION='1.9g'
PATH_SEPARATOR=':'
PVMINCDIR=''
PVMLIBDIR=''
PVMLIBS=''
RANLIB='ranlib'
SHELL='/bin/bash'
SQD_UINT16='unsigned short    '
SQD_UINT32='unsigned int      '
SQD_UINT64='unsigned long     '
SQUID_COPYRIGHT='Copyright (C) 1992-2003 HHMI/Washington University School of Medicine'
SQUID_DATE='January 2003'
SQUID_LICENSE='Freely distributed under the GNU General Public License (GPL)'
SQUID_LICENSETAG='gnu'
SQUID_RELCODE='squid1_9g'
SQUID_VERSION='1.9g'
ac_ct_CC='gcc'
ac_ct_RANLIB='ranlib'
bindir='${exec_prefix}/bin'
build_alias=''
datadir='${prefix}/share'
exec_prefix='${prefix}'
host_alias=''
includedir='${prefix}/include'
infodir='${prefix}/info'
libdir='${exec_prefix}/lib'
libexecdir='${exec_prefix}/libexec'
localstatedir='${prefix}/var'
mandir='${prefix}/man'
oldincludedir='/usr/include'
prefix='/usr/local'
program_transform_name='s,x,x,'
sbindir='${exec_prefix}/sbin'
sharedstatedir='${prefix}/com'
sysconfdir='${prefix}/etc'
target_alias=''

## ----------- ##
## confdefs.h. ##
## ----------- ##

#define HAVE_FSEEKO 1
#define HAVE_FSEEKO64 1
#define HAVE_FTELLO 1
#define HAVE_FTELLO64 1
#define HAVE_HTONL 1
#define HAVE_HTONS 1
#define HAVE_INTTYPES_H 1
#define HAVE_MEMORY_H 1
#define HAVE_NTOHL 1
#define HAVE_NTOHS 1
#define HAVE_STDINT_H 1
#define HAVE_STDLIB_H 1
#define HAVE_STRINGS_H 1
#define HAVE_STRING_H 1
#define HAVE_STRTOUL 1
#define HAVE_STRTOULL 1
#define HAVE_STRTOULL 1
#define HAVE_SYS_STAT_H 1
#define HAVE_SYS_TYPES_H 1
#define HAVE_UNISTD_H 1
#define PACKAGE_BUGREPORT "eddy@genetics.wustl.edu"
#define PACKAGE_NAME "SQUID"
#define PACKAGE_STRING "SQUID 1.9g"
#define PACKAGE_TARNAME "squid"
#define PACKAGE_VERSION "1.9g"
#define SIZEOF_FPOS_T 16
#define SIZEOF_OFF64_T 0
#define SIZEOF_OFF_T 8
#define SIZEOF_UNSIGNED_INT 4
#define SIZEOF_UNSIGNED_LONG 8
#define SIZEOF_UNSIGNED_LONG_LONG 8
#define SIZEOF_UNSIGNED_SHORT 2
#define SQUID_COPYRIGHT "Copyright (C) 1992-2003 HHMI/Washington University School of Medicine"
#define SQUID_DATE "January 2003"
#define SQUID_LICENSE "Freely distributed under the GNU General Public License (GPL)"
#define SQUID_VERSION "1.9g"
#define STDC_HEADERS 1

configure: exit 0
